<?xml version='1.0' encoding='UTF-8'?>
<testsuite hostname="MacBookPro" name="todo.TodoSuite" tests="14" errors="0" failures="0" skipped="0" time="0.523" timestamp="2021-07-21T19:06:23">
          <properties>
      <property name="awt.toolkit" value="sun.lwawt.macosx.LWCToolkit"/><property name="java.specification.version" value="11"/><property name="sun.cpu.isalist" value=""/><property name="sun.jnu.encoding" value="UTF-8"/><property name="sun.arch.data.model" value="64"/><property name="bootstrap.mainClass" value="xsbt.boot.Boot"/><property name="java.vendor.url" value="http://www.azulsystems.com/"/><property name="sun.boot.library.path" value="/Users/Kai/Library/Java/JavaVirtualMachines/azul-11.0.11/Contents/Home/lib"/><property name="sun.java.command" value="/Users/Kai/Library/Application Support/Coursier/bin/sbt"/><property name="jdk.debug" value="release"/><property name="java.specification.vendor" value="Oracle Corporation"/><property name="java.version.date" value="2021-04-20"/><property name="java.home" value="/Users/Kai/Library/Java/JavaVirtualMachines/azul-11.0.11/Contents/Home"/><property name="file.separator" value="/"/><property name="java.vm.compressedOopsMode" value="Zero based"/><property name="line.separator" value="
"/><property name="java.specification.name" value="Java Platform API Specification"/><property name="java.vm.specification.vendor" value="Oracle Corporation"/><property name="jdk.vendor.version" value="Zulu11.48+21-CA"/><property name="sun.management.compiler" value="HotSpot 64-Bit Tiered Compilers"/><property name="java.runtime.version" value="11.0.11+9-LTS"/><property name="user.name" value="Kai"/><property name="log4j.ignoreTCL" value="true"/><property name="file.encoding" value="UTF-8"/><property name="jnidispatch.path" value="/Users/Kai/Library/Caches/JNA/temp/jna7473869743216141887.tmp"/><property name="java.vendor.version" value="Zulu11.48+21-CA"/><property name="jna.loaded" value="true"/><property name="java.io.tmpdir" value="/var/folders/gk/r228z2xd5y30x4nv6b1lsl6h0000gn/T/"/><property name="java.version" value="11.0.11"/><property name="java.vm.specification.name" value="Java Virtual Machine Specification"/><property name="java.awt.printerjob" value="sun.lwawt.macosx.CPrinterJob"/><property name="sun.os.patch.level" value="unknown"/><property name="java.library.path" value="/Users/Kai/Library/Java/Extensions:/Library/Java/Extensions:/Network/Library/Java/Extensions:/System/Library/Java/Extensions:/usr/lib/java:."/><property name="java.vendor" value="Azul Systems, Inc."/><property name="sun.io.unicode.encoding" value="UnicodeBig"/><property name="socksNonProxyHosts" value="local|*.local|169.254/16|*.169.254/16"/><property name="gopherProxySet" value="false"/><property name="java.class.path" value="/Users/Kai/Library/Application Support/Coursier/bin/sbt:/Users/Kai/Library/Caches/Coursier/v1/https/repo1.maven.org/maven2/io/get-coursier/sbt/sbt-runner/0.2.0/sbt-runner-0.2.0.jar:/Users/Kai/Library/Caches/Coursier/v1/https/repo1.maven.org/maven2/org/scala-sbt/sbt-launch/1.5.4/sbt-launch-1.5.4.jar"/><property name="java.vm.vendor" value="Azul Systems, Inc."/><property name="coursier.mainJar" value="/Users/Kai/Library/Application Support/Coursier/bin/sbt"/><property name="jline.shutdownhook" value="false"/><property name="user.timezone" value="Australia/Sydney"/><property name="os.name" value="Mac OS X"/><property name="java.vm.specification.version" value="11"/><property name="sun.java.launcher" value="SUN_STANDARD"/><property name="user.country" value="US"/><property name="http.nonProxyHosts" value="local|*.local|169.254/16|*.169.254/16"/><property name="sun.cpu.endian" value="little"/><property name="user.home" value="/Users/Kai"/><property name="user.language" value="en"/><property name="swoval.tmpdir" value="/Users/Kai/.sbt/1.0"/><property name="java.awt.graphicsenv" value="sun.awt.CGraphicsEnvironment"/><property name="jline.esc.timeout" value="0"/><property name="ftp.nonProxyHosts" value="local|*.local|169.254/16|*.169.254/16"/><property name="path.separator" value=":"/><property name="os.version" value="11.4"/><property name="jna.nosys" value="true"/><property name="java.runtime.name" value="OpenJDK Runtime Environment"/><property name="java.vm.name" value="OpenJDK 64-Bit Server VM"/><property name="jna.platform.library.path" value="/usr/lib:/usr/lib"/><property name="java.vendor.url.bug" value="http://www.azulsystems.com/support/"/><property name="sbt-launch.version" value="1.5.4"/><property name="user.dir" value="/Users/Kai/Dropbox/Documents/Code/scala/Functional Programming Scala/effective_programming/todo"/><property name="os.arch" value="x86_64"/><property name="java.vm.info" value="mixed mode"/><property name="java.vm.version" value="11.0.11+9-LTS"/><property name="java.class.version" value="55.0"/>
    </properties>
          <testcase classname="todo.TodoSuite" name="Created tasks can be read" time="0.057">
                      
                    </testcase><testcase classname="todo.TodoSuite" name="Updated tasks can be read" time="0.001">
                      
                    </testcase><testcase classname="todo.TodoSuite" name="Deleted tasks are no longer read" time="0.003">
                      
                    </testcase><testcase classname="todo.TodoSuite" name="Tasks returns all inserted tasks in insertion order" time="0.003">
                      
                    </testcase><testcase classname="todo.TodoSuite" name="Tasks(tag) returns only tasks with given tag" time="0.003">
                      
                    </testcase><testcase classname="todo.TodoSuite" name="complete changes state to completed, if task is not already completed" time="0.002">
                      
                    </testcase><testcase classname="todo.TodoSuite" name="tags returns all tags" time="0.006">
                      
                    </testcase><testcase classname="todo.TodoSuite" name="Created tasks can be read-1" time="0.197">
                      
                    </testcase><testcase classname="todo.TodoSuite" name="Updated tasks can be read-1" time="0.011">
                      
                    </testcase><testcase classname="todo.TodoSuite" name="Deleted tasks are no longer read-1" time="0.011">
                      
                    </testcase><testcase classname="todo.TodoSuite" name="Tasks returns all inserted tasks in insertion order-1" time="0.008">
                      
                    </testcase><testcase classname="todo.TodoSuite" name="Tasks(tag) returns only tasks with given tag-1" time="0.011">
                      
                    </testcase><testcase classname="todo.TodoSuite" name="complete changes state to completed, if task is not already completed-1" time="0.015">
                      
                    </testcase><testcase classname="todo.TodoSuite" name="tags returns all tags-1" time="0.195">
                      
                    </testcase>
          <system-out><![CDATA[]]></system-out>
          <system-err><![CDATA[]]></system-err>
        </testsuite>